httputils/build/intermediates/manifest_merge_blame_file/debug/manifest-merger-blame-debug-report.txt
1<?xml version="1.0" encoding="utf-8"?>
2<manifest xmlns:android="http://schemas.android.com/apk/res/android"
3    package="com.yhb.httputils" > <!-- 允许访问所有文件 -->
4    <uses-sdk
5        android:minSdkVersion="21"
5-->src\main\AndroidManifest.xml
6        android:targetSdkVersion="28" />
6-->src\main\AndroidManifest.xml
7
8    <uses-permission android:name="android.permission.INTERNET" /> <!-- 允许应用访问网络连接 -->
8-->src\main\AndroidManifest.xml:3:5-66
8-->src\main\AndroidManifest.xml:3:22-64
9    <uses-permission android:name="android.permission.READ_EXTERNAL_STORAGE" /> <!-- 允许应用读取扩展存储 -->
9-->src\main\AndroidManifest.xml:4:5-80
9-->src\main\AndroidManifest.xml:4:22-77
10    <uses-permission android:name="android.permission.WRITE_EXTERNAL_STORAGE" /> <!-- 允许应用写入扩展存储 -->
10-->src\main\AndroidManifest.xml:5:5-81
10-->src\main\AndroidManifest.xml:5:22-78
11    <uses-permission android:name="android.permission.MANAGE_EXTERNAL_STORAGE" />
11-->src\main\AndroidManifest.xml:6:5-82
11-->src\main\AndroidManifest.xml:6:22-79
12
13</manifest>